{
  "stats": {
    "suites": 1,
    "tests": 1,
    "passes": 0,
    "pending": 0,
    "failures": 1,
    "start": "2021-12-23T01:30:44.547Z",
    "end": "2021-12-23T01:30:52.236Z",
    "duration": 7689,
    "testsRegistered": 1,
    "passPercent": 0,
    "pendingPercent": 0,
    "other": 0,
    "hasOther": false,
    "skipped": 0,
    "hasSkipped": false
  },
  "results": [
    {
      "uuid": "06a876eb-843a-4a05-ae16-b021fec8f193",
      "title": "",
      "fullFile": "cypress/integration/fs-happy-path.spec.js",
      "file": "cypress/integration/fs-happy-path.spec.js",
      "beforeHooks": [],
      "afterHooks": [],
      "tests": [],
      "suites": [
        {
          "uuid": "b0d6ac6e-9f79-49d3-a32c-e1c5a22979b7",
          "title": "FullStory recording",
          "fullFile": "",
          "file": "",
          "beforeHooks": [],
          "afterHooks": [],
          "tests": [
            {
              "title": "Basic functionality is correctly recorded",
              "fullTitle": "FullStory recording Basic functionality is correctly recorded",
              "timedOut": null,
              "duration": 6326,
              "state": "failed",
              "speed": null,
              "pass": false,
              "fail": true,
              "pending": false,
              "context": null,
              "code": "cy.intercept('https://rs.fullstory.com/rec/bundle*').as('dataRecorded');\n_Base.default.visit();\n_Base.default.clickMarketButton();\ncy.wait('@dataRecorded').then(interception => {\n  interception.should('have.property', 'Seq');\n  interception.should('have.property', 'When');\n  interception.should('have.property', 'Evts');\n});\n_Market.default.addBananasItem();\ncy.wait('@dataRecorded').then(interception => {\n  interception.should('have.property', 'Seq');\n  interception.should('have.property', 'When');\n  interception.should('have.property', 'Evts');\n});\n_Market.default.addCocktailMixItem();\ncy.wait('@dataRecorded').then(interception => {\n  interception.should('have.property', 'Seq');\n  interception.should('have.property', 'When');\n  interception.should('have.property', 'Evts');\n});\n_Market.default.clickCartButton();\ncy.wait('@dataRecorded').then(interception => {\n  interception.should('have.property', 'Seq');\n  interception.should('have.property', 'When');\n  interception.should('have.property', 'Evts');\n});\n_Cart.default.removeFirstItem();\ncy.wait('@dataRecorded').then(interception => {\n  interception.should('have.property', 'Seq');\n  interception.should('have.property', 'When');\n  interception.should('have.property', 'Evts');\n});\n_Cart.default.clickCheckoutButton();\ncy.wait('@dataRecorded').then(interception => {\n  interception.should('have.property', 'Seq');\n  interception.should('have.property', 'When');\n  interception.should('have.property', 'Evts');\n});\n_Checkout.default.fillOutPurchaseInfo();\ncy.wait('@dataRecorded').then(interception => {\n  interception.should('have.property', 'Seq');\n  interception.should('have.property', 'When');\n  interception.should('have.property', 'Evts');\n});\n_Checkout.default.clickPurchaseButton();\ncy.wait('@dataRecorded').then(interception => {\n  interception.should('have.property', 'Seq');\n  interception.should('have.property', 'When');\n  interception.should('have.property', 'Evts');\n});",
              "err": {
                "message": "CypressError: Timed out retrying after 5000ms: `cy.wait()` timed out waiting `5000ms` for the 1st request to the route: `dataRecorded`. No request ever occurred.\n\nhttps://on.cypress.io/wait",
                "estack": "CypressError: Timed out retrying after 5000ms: `cy.wait()` timed out waiting `5000ms` for the 1st request to the route: `dataRecorded`. No request ever occurred.\n\nhttps://on.cypress.io/wait\n    at cypressErr (https://fruitshoppe.firebaseapp.com/__cypress/runner/cypress_runner.js:175169:18)\n    at Object.errByPath (https://fruitshoppe.firebaseapp.com/__cypress/runner/cypress_runner.js:175238:10)\n    at checkForXhr (https://fruitshoppe.firebaseapp.com/__cypress/runner/cypress_runner.js:161441:92)\n    at https://fruitshoppe.firebaseapp.com/__cypress/runner/cypress_runner.js:161464:28\n    at tryCatcher (https://fruitshoppe.firebaseapp.com/__cypress/runner/cypress_runner.js:13196:23)\n    at Function.Promise.attempt.Promise.try (https://fruitshoppe.firebaseapp.com/__cypress/runner/cypress_runner.js:10470:29)\n    at whenStable (https://fruitshoppe.firebaseapp.com/__cypress/runner/cypress_runner.js:167668:63)\n    at https://fruitshoppe.firebaseapp.com/__cypress/runner/cypress_runner.js:167165:14\n    at tryCatcher (https://fruitshoppe.firebaseapp.com/__cypress/runner/cypress_runner.js:13196:23)\n    at Promise._settlePromiseFromHandler (https://fruitshoppe.firebaseapp.com/__cypress/runner/cypress_runner.js:11131:31)\n    at Promise._settlePromise (https://fruitshoppe.firebaseapp.com/__cypress/runner/cypress_runner.js:11188:18)\n    at Promise._settlePromise0 (https://fruitshoppe.firebaseapp.com/__cypress/runner/cypress_runner.js:11233:10)\n    at Promise._settlePromises (https://fruitshoppe.firebaseapp.com/__cypress/runner/cypress_runner.js:11313:18)\n    at Promise._fulfill (https://fruitshoppe.firebaseapp.com/__cypress/runner/cypress_runner.js:11257:18)\n    at https://fruitshoppe.firebaseapp.com/__cypress/runner/cypress_runner.js:12871:46\nFrom Your Spec Code:\n    at Context.eval (https://fruitshoppe.firebaseapp.com/__cypress/tests?p=cypress\\integration\\fs-happy-path.spec.js:136:8)",
                "diff": null
              },
              "uuid": "b83119a9-9da2-44ec-95ac-cbd4573bb3bb",
              "parentUUID": "b0d6ac6e-9f79-49d3-a32c-e1c5a22979b7",
              "isHook": false,
              "skipped": false
            }
          ],
          "suites": [],
          "passes": [],
          "failures": [
            "b83119a9-9da2-44ec-95ac-cbd4573bb3bb"
          ],
          "pending": [],
          "skipped": [],
          "duration": 6326,
          "root": false,
          "rootEmpty": false,
          "_timeout": 2000
        }
      ],
      "passes": [],
      "failures": [],
      "pending": [],
      "skipped": [],
      "duration": 0,
      "root": true,
      "rootEmpty": true,
      "_timeout": 2000
    }
  ],
  "meta": {
    "mocha": {
      "version": "7.0.1"
    },
    "mochawesome": {
      "options": {
        "quiet": false,
        "reportFilename": "mochawesome",
        "saveHtml": true,
        "saveJson": true,
        "consoleReporter": "spec",
        "useInlineDiffs": false,
        "code": true
      },
      "version": "6.3.1"
    },
    "marge": {
      "options": null,
      "version": "5.2.0"
    }
  }
}